Hmm ... looks like a package

This is pdfTeX, Version 3.14159265-2.6-1.40.20 (TeX Live 2019 Gentoo Linux) (preloaded format=pdflatex)
 restricted \write18 enabled.
entering extended mode
LaTeX2e <2018-12-01>
(./Rd2.tex

(/cvmfs/soft.computecanada.ca/gentoo/2020/usr/share/texmf-dist/tex/latex/base/b
ook.cls
Document Class: book 2018/09/03 v1.4i Standard LaTeX document class

(/cvmfs/soft.computecanada.ca/gentoo/2020/usr/share/texmf-dist/tex/latex/base/b
k10.clo))
(/cvmfs/soft.computecanada.ca/easybuild/software/2020/avx2/Core/r/4.1.2/lib64/R
/share/texmf/tex/latex/Rd.sty
(/cvmfs/soft.computecanada.ca/gentoo/2020/usr/share/texmf-dist/tex/latex/base/i
fthen.sty)
(/cvmfs/soft.computecanada.ca/gentoo/2020/usr/share/texmf-dist/tex/latex/tools/
longtable.sty)
(/cvmfs/soft.computecanada.ca/gentoo/2020/usr/share/texmf-dist/tex/latex/tools/
bm.sty)
(/cvmfs/soft.computecanada.ca/gentoo/2020/usr/share/texmf-dist/tex/latex/base/a
lltt.sty)
(/cvmfs/soft.computecanada.ca/gentoo/2020/usr/share/texmf-dist/tex/latex/tools/
verbatim.sty)
(/cvmfs/soft.computecanada.ca/gentoo/2020/usr/share/texmf-dist/tex/latex/url/ur
l.sty)
(/cvmfs/soft.computecanada.ca/gentoo/2020/usr/share/texmf-dist/tex/latex/base/t
extcomp.sty
(/cvmfs/soft.computecanada.ca/gentoo/2020/usr/share/texmf-dist/tex/latex/base/t
s1enc.def
(/cvmfs/soft.computecanada.ca/gentoo/2020/usr/share/texmf-dist/tex/latex/base/t
s1enc.dfu)))
(/cvmfs/soft.computecanada.ca/gentoo/2020/usr/share/texmf-dist/tex/latex/base/f
ontenc.sty
(/cvmfs/soft.computecanada.ca/gentoo/2020/usr/share/texmf-dist/tex/latex/base/t
1enc.def))
(/cvmfs/soft.computecanada.ca/gentoo/2020/usr/share/texmf-dist/tex/latex/psnfss
/times.sty)
(/cvmfs/soft.computecanada.ca/gentoo/2020/usr/share/texmf-dist/tex/latex/incons
olata/zi4.sty
`inconsolata-zi4' v1.12, 2019/05/17 Text macros for Inconsolata (msharpe)
(/cvmfs/soft.computecanada.ca/gentoo/2020/usr/share/texmf-dist/tex/latex/xkeyva
l/xkeyval.sty
(/cvmfs/soft.computecanada.ca/gentoo/2020/usr/share/texmf-dist/tex/generic/xkey
val/xkeyval.tex
(/cvmfs/soft.computecanada.ca/gentoo/2020/usr/share/texmf-dist/tex/generic/xkey
val/xkvutils.tex
(/cvmfs/soft.computecanada.ca/gentoo/2020/usr/share/texmf-dist/tex/generic/xkey
val/keyval.tex)))))
(/cvmfs/soft.computecanada.ca/gentoo/2020/usr/share/texmf-dist/tex/latex/graphi
cs/color.sty
(/cvmfs/soft.computecanada.ca/gentoo/2020/usr/share/texmf-dist/tex/latex/graphi
cs-cfg/color.cfg)
(/cvmfs/soft.computecanada.ca/gentoo/2020/usr/share/texmf-dist/tex/latex/graphi
cs-def/pdftex.def))
(/cvmfs/soft.computecanada.ca/gentoo/2020/usr/share/texmf-dist/tex/latex/hyperr
ef/hyperref.sty
(/cvmfs/soft.computecanada.ca/gentoo/2020/usr/share/texmf-dist/tex/generic/ober
diek/hobsub-hyperref.sty
(/cvmfs/soft.computecanada.ca/gentoo/2020/usr/share/texmf-dist/tex/generic/ober
diek/hobsub-generic.sty))
(/cvmfs/soft.computecanada.ca/gentoo/2020/usr/share/texmf-dist/tex/generic/ifxe
tex/ifxetex.sty)
(/cvmfs/soft.computecanada.ca/gentoo/2020/usr/share/texmf-dist/tex/latex/oberdi
ek/auxhook.sty)
(/cvmfs/soft.computecanada.ca/gentoo/2020/usr/share/texmf-dist/tex/latex/oberdi
ek/kvoptions.sty)
(/cvmfs/soft.computecanada.ca/gentoo/2020/usr/share/texmf-dist/tex/latex/hyperr
ef/pd1enc.def)
(/cvmfs/soft.computecanada.ca/gentoo/2020/usr/share/texmf-dist/tex/latex/latexc
onfig/hyperref.cfg))
(/cvmfs/soft.computecanada.ca/gentoo/2020/usr/share/texmf-dist/tex/latex/hyperr
ef/hpdftex.def
(/cvmfs/soft.computecanada.ca/gentoo/2020/usr/share/texmf-dist/tex/latex/oberdi
ek/rerunfilecheck.sty))

Package hyperref Warning: Option `hyperindex' has already been used,
(hyperref)                setting the option has no effect on input line 377.


Package hyperref Warning: Option `pagebackref' has already been used,
(hyperref)                setting the option has no effect on input line 377.

)
(/cvmfs/soft.computecanada.ca/gentoo/2020/usr/share/texmf-dist/tex/latex/base/m
akeidx.sty)
(/cvmfs/soft.computecanada.ca/gentoo/2020/usr/share/texmf-dist/tex/latex/base/i
nputenc.sty)
Writing index file Rd2.idx
No file Rd2.aux.

(/cvmfs/soft.computecanada.ca/gentoo/2020/usr/share/texmf-dist/tex/latex/base/t
s1cmr.fd)
(/cvmfs/soft.computecanada.ca/gentoo/2020/usr/share/texmf-dist/tex/latex/psnfss
/t1ptm.fd)
(/cvmfs/soft.computecanada.ca/gentoo/2020/usr/share/texmf-dist/tex/context/base
/mkii/supp-pdf.mkii
[Loading MPS to PDF converter (version 2006.09.02).]
)
(/cvmfs/soft.computecanada.ca/gentoo/2020/usr/share/texmf-dist/tex/latex/hyperr
ef/nameref.sty
(/cvmfs/soft.computecanada.ca/gentoo/2020/usr/share/texmf-dist/tex/generic/ober
diek/gettitlestring.sty))
(/cvmfs/soft.computecanada.ca/gentoo/2020/usr/share/texmf-dist/tex/latex/incons
olata/t1zi4.fd)
(/cvmfs/soft.computecanada.ca/gentoo/2020/usr/share/texmf-dist/tex/latex/psnfss
/t1phv.fd) [1{/cvmfs/soft.computecanada.ca/gentoo/2020/usr/share/texmf-dist/fon
ts/map/pdftex/updmap/pdftex.map}]
Overfull \hbox (22.16608pt too wide) in paragraph at lines 69--71
[]\T1/ptm/m/n/10 This script was adapted from https://github.com/buckleylab/HTS
SIP/blob/master/R/qSIP_atom_excess.R
[2]
Overfull \hbox (27.67627pt too wide) in paragraph at lines 113--116
\T1/ptm/m/n/10 tails. Please check CheckM doc-u-men-ta-tion (https://github.com
/Ecogenomics/CheckM)

(/cvmfs/soft.computecanada.ca/gentoo/2020/usr/share/texmf-dist/tex/latex/psnfss
/ts1ptm.fd)
Overfull \hbox (44.45753pt too wide) in paragraph at lines 130--132
[]\T1/ptm/m/n/10 Sample: In the for-mat "'iso-tope'\T1/ptm/m/it/10 rep\T1/ptm/m
/n/10 #\T1/ptm/m/it/10 fraction\T1/ptm/m/n/10 #". For in-stance, "12C_rep_1_fra
ction_1" 
[3] [4] [5]
Overfull \hbox (45.67818pt too wide) in paragraph at lines 303--306
\T1/ptm/m/n/10 frac-tion sam-ples ('heavy'), where 'heavy' sam-ples are des-ig-
nated by the \T1/zi4/m/n/10 density_windows\T1/ptm/m/n/10 . 
[6]
(/cvmfs/soft.computecanada.ca/gentoo/2020/usr/share/texmf-dist/tex/latex/incons
olata/ts1zi4.fd) [7] [8] [9] [10]
Overfull \hbox (44.45753pt too wide) in paragraph at lines 560--562
[]\T1/ptm/m/n/10 Sample: In the for-mat "'iso-tope'\T1/ptm/m/it/10 rep\T1/ptm/m
/n/10 #\T1/ptm/m/it/10 fraction\T1/ptm/m/n/10 #". For in-stance, "12C_rep_1_fra
ction_1" 

Overfull \hbox (27.67627pt too wide) in paragraph at lines 596--599
\T1/ptm/m/n/10 tails. Please check CheckM doc-u-men-ta-tion (https://github.com
/Ecogenomics/CheckM)
[11]
Overfull \hbox (29.89723pt too wide) in paragraph at lines 612--613
[]\T1/ptm/m/n/10 Directory where plots are to be saved. Will cre-ate a di-rec-t
ory "se-quin_scaling_plots_lm"
[12]
Overfull \hbox (27.67627pt too wide) in paragraph at lines 654--657
\T1/ptm/m/n/10 tails. Please check CheckM doc-u-men-ta-tion (https://github.com
/Ecogenomics/CheckM)

Overfull \hbox (33.22719pt too wide) in paragraph at lines 670--671
[]\T1/ptm/m/n/10 Directory where plots are to be saved. Will cre-ate a di-rec-t
ory "se-quin_scaling_plots_rlm"
[13]
No file Rd2.ind.
[14] (/tmp/RtmpjIyecV/Rd2pdf7c3af1eb7a0/Rd2.aux)

Package rerunfilecheck Warning: File `Rd2.out' has changed.
(rerunfilecheck)                Rerun to get outlines right
(rerunfilecheck)                or use package `bookmark'.

 )
(see the transcript file for additional information){/cvmfs/soft.computecanada.
ca/gentoo/2020/usr/share/texmf-dist/fonts/enc/dvips/inconsolata/i4-ts1.enc}{/cv
mfs/soft.computecanada.ca/gentoo/2020/usr/share/texmf-dist/fonts/enc/dvips/base
/8r.enc}{/cvmfs/soft.computecanada.ca/gentoo/2020/usr/share/texmf-dist/fonts/en
c/dvips/inconsolata/i4-t1-0.enc}</cvmfs/soft.computecanada.ca/gentoo/2020/usr/s
hare/texmf-dist/fonts/type1/public/inconsolata/Inconsolata-zi4r.pfb></cvmfs/sof
t.computecanada.ca/gentoo/2020/usr/share/texmf-dist/fonts/type1/urw/helvetic/uh
vr8a.pfb></cvmfs/soft.computecanada.ca/gentoo/2020/usr/share/texmf-dist/fonts/t
ype1/urw/times/utmb8a.pfb></cvmfs/soft.computecanada.ca/gentoo/2020/usr/share/t
exmf-dist/fonts/type1/urw/times/utmr8a.pfb></cvmfs/soft.computecanada.ca/gentoo
/2020/usr/share/texmf-dist/fonts/type1/urw/times/utmr8a.pfb></cvmfs/soft.comput
ecanada.ca/gentoo/2020/usr/share/texmf-dist/fonts/type1/urw/times/utmri8a.pfb>
Output written on Rd2.pdf (14 pages, 108368 bytes).
Transcript written on Rd2.log.
This is pdfTeX, Version 3.14159265-2.6-1.40.20 (TeX Live 2019 Gentoo Linux) (preloaded format=pdflatex)
 restricted \write18 enabled.
entering extended mode
LaTeX2e <2018-12-01>
(./Rd2.tex

(/cvmfs/soft.computecanada.ca/gentoo/2020/usr/share/texmf-dist/tex/latex/base/b
ook.cls
Document Class: book 2018/09/03 v1.4i Standard LaTeX document class

(/cvmfs/soft.computecanada.ca/gentoo/2020/usr/share/texmf-dist/tex/latex/base/b
k10.clo))
(/cvmfs/soft.computecanada.ca/easybuild/software/2020/avx2/Core/r/4.1.2/lib64/R
/share/texmf/tex/latex/Rd.sty
(/cvmfs/soft.computecanada.ca/gentoo/2020/usr/share/texmf-dist/tex/latex/base/i
fthen.sty)
(/cvmfs/soft.computecanada.ca/gentoo/2020/usr/share/texmf-dist/tex/latex/tools/
longtable.sty)
(/cvmfs/soft.computecanada.ca/gentoo/2020/usr/share/texmf-dist/tex/latex/tools/
bm.sty)
(/cvmfs/soft.computecanada.ca/gentoo/2020/usr/share/texmf-dist/tex/latex/base/a
lltt.sty)
(/cvmfs/soft.computecanada.ca/gentoo/2020/usr/share/texmf-dist/tex/latex/tools/
verbatim.sty)
(/cvmfs/soft.computecanada.ca/gentoo/2020/usr/share/texmf-dist/tex/latex/url/ur
l.sty)
(/cvmfs/soft.computecanada.ca/gentoo/2020/usr/share/texmf-dist/tex/latex/base/t
extcomp.sty
(/cvmfs/soft.computecanada.ca/gentoo/2020/usr/share/texmf-dist/tex/latex/base/t
s1enc.def
(/cvmfs/soft.computecanada.ca/gentoo/2020/usr/share/texmf-dist/tex/latex/base/t
s1enc.dfu)))
(/cvmfs/soft.computecanada.ca/gentoo/2020/usr/share/texmf-dist/tex/latex/base/f
ontenc.sty
(/cvmfs/soft.computecanada.ca/gentoo/2020/usr/share/texmf-dist/tex/latex/base/t
1enc.def))
(/cvmfs/soft.computecanada.ca/gentoo/2020/usr/share/texmf-dist/tex/latex/psnfss
/times.sty)
(/cvmfs/soft.computecanada.ca/gentoo/2020/usr/share/texmf-dist/tex/latex/incons
olata/zi4.sty
`inconsolata-zi4' v1.12, 2019/05/17 Text macros for Inconsolata (msharpe)
(/cvmfs/soft.computecanada.ca/gentoo/2020/usr/share/texmf-dist/tex/latex/xkeyva
l/xkeyval.sty
(/cvmfs/soft.computecanada.ca/gentoo/2020/usr/share/texmf-dist/tex/generic/xkey
val/xkeyval.tex
(/cvmfs/soft.computecanada.ca/gentoo/2020/usr/share/texmf-dist/tex/generic/xkey
val/xkvutils.tex
(/cvmfs/soft.computecanada.ca/gentoo/2020/usr/share/texmf-dist/tex/generic/xkey
val/keyval.tex)))))
(/cvmfs/soft.computecanada.ca/gentoo/2020/usr/share/texmf-dist/tex/latex/graphi
cs/color.sty
(/cvmfs/soft.computecanada.ca/gentoo/2020/usr/share/texmf-dist/tex/latex/graphi
cs-cfg/color.cfg)
(/cvmfs/soft.computecanada.ca/gentoo/2020/usr/share/texmf-dist/tex/latex/graphi
cs-def/pdftex.def))
(/cvmfs/soft.computecanada.ca/gentoo/2020/usr/share/texmf-dist/tex/latex/hyperr
ef/hyperref.sty
(/cvmfs/soft.computecanada.ca/gentoo/2020/usr/share/texmf-dist/tex/generic/ober
diek/hobsub-hyperref.sty
(/cvmfs/soft.computecanada.ca/gentoo/2020/usr/share/texmf-dist/tex/generic/ober
diek/hobsub-generic.sty))
(/cvmfs/soft.computecanada.ca/gentoo/2020/usr/share/texmf-dist/tex/generic/ifxe
tex/ifxetex.sty)
(/cvmfs/soft.computecanada.ca/gentoo/2020/usr/share/texmf-dist/tex/latex/oberdi
ek/auxhook.sty)
(/cvmfs/soft.computecanada.ca/gentoo/2020/usr/share/texmf-dist/tex/latex/oberdi
ek/kvoptions.sty)
(/cvmfs/soft.computecanada.ca/gentoo/2020/usr/share/texmf-dist/tex/latex/hyperr
ef/pd1enc.def)
(/cvmfs/soft.computecanada.ca/gentoo/2020/usr/share/texmf-dist/tex/latex/latexc
onfig/hyperref.cfg))
(/cvmfs/soft.computecanada.ca/gentoo/2020/usr/share/texmf-dist/tex/latex/hyperr
ef/hpdftex.def
(/cvmfs/soft.computecanada.ca/gentoo/2020/usr/share/texmf-dist/tex/latex/oberdi
ek/rerunfilecheck.sty))

Package hyperref Warning: Option `hyperindex' has already been used,
(hyperref)                setting the option has no effect on input line 377.


Package hyperref Warning: Option `pagebackref' has already been used,
(hyperref)                setting the option has no effect on input line 377.

)
(/cvmfs/soft.computecanada.ca/gentoo/2020/usr/share/texmf-dist/tex/latex/base/m
akeidx.sty)
(/cvmfs/soft.computecanada.ca/gentoo/2020/usr/share/texmf-dist/tex/latex/base/i
nputenc.sty)
Writing index file Rd2.idx
(/tmp/RtmpjIyecV/Rd2pdf7c3af1eb7a0/Rd2.aux)
(/cvmfs/soft.computecanada.ca/gentoo/2020/usr/share/texmf-dist/tex/latex/base/t
s1cmr.fd)
(/cvmfs/soft.computecanada.ca/gentoo/2020/usr/share/texmf-dist/tex/latex/psnfss
/t1ptm.fd)
(/cvmfs/soft.computecanada.ca/gentoo/2020/usr/share/texmf-dist/tex/context/base
/mkii/supp-pdf.mkii
[Loading MPS to PDF converter (version 2006.09.02).]
)
(/cvmfs/soft.computecanada.ca/gentoo/2020/usr/share/texmf-dist/tex/latex/hyperr
ef/nameref.sty
(/cvmfs/soft.computecanada.ca/gentoo/2020/usr/share/texmf-dist/tex/generic/ober
diek/gettitlestring.sty)) (/tmp/RtmpjIyecV/Rd2pdf7c3af1eb7a0/Rd2.out)
(/tmp/RtmpjIyecV/Rd2pdf7c3af1eb7a0/Rd2.out)
(/cvmfs/soft.computecanada.ca/gentoo/2020/usr/share/texmf-dist/tex/latex/incons
olata/t1zi4.fd)
(/cvmfs/soft.computecanada.ca/gentoo/2020/usr/share/texmf-dist/tex/latex/psnfss
/t1phv.fd) (/tmp/RtmpjIyecV/Rd2pdf7c3af1eb7a0/Rd2.toc) [1{/cvmfs/soft.computeca
nada.ca/gentoo/2020/usr/share/texmf-dist/fonts/map/pdftex/updmap/pdftex.map}]
Overfull \hbox (22.16608pt too wide) in paragraph at lines 69--71
[]\T1/ptm/m/n/10 This script was adapted from https://github.com/buckleylab/HTS
SIP/blob/master/R/qSIP_atom_excess.R
[2]
Overfull \hbox (27.67627pt too wide) in paragraph at lines 113--116
\T1/ptm/m/n/10 tails. Please check CheckM doc-u-men-ta-tion (https://github.com
/Ecogenomics/CheckM)

(/cvmfs/soft.computecanada.ca/gentoo/2020/usr/share/texmf-dist/tex/latex/psnfss
/ts1ptm.fd)
Overfull \hbox (44.45753pt too wide) in paragraph at lines 130--132
[]\T1/ptm/m/n/10 Sample: In the for-mat "'iso-tope'\T1/ptm/m/it/10 rep\T1/ptm/m
/n/10 #\T1/ptm/m/it/10 fraction\T1/ptm/m/n/10 #". For in-stance, "12C_rep_1_fra
ction_1" 
[3] [4] [5] [6]
Overfull \hbox (45.67818pt too wide) in paragraph at lines 303--306
\T1/ptm/m/n/10 frac-tion sam-ples ('heavy'), where 'heavy' sam-ples are des-ig-
nated by the \T1/zi4/m/n/10 density_windows\T1/ptm/m/n/10 . 

(/cvmfs/soft.computecanada.ca/gentoo/2020/usr/share/texmf-dist/tex/latex/incons
olata/ts1zi4.fd) [7] [8] [9] [10]
Overfull \hbox (44.45753pt too wide) in paragraph at lines 560--562
[]\T1/ptm/m/n/10 Sample: In the for-mat "'iso-tope'\T1/ptm/m/it/10 rep\T1/ptm/m
/n/10 #\T1/ptm/m/it/10 fraction\T1/ptm/m/n/10 #". For in-stance, "12C_rep_1_fra
ction_1" 
[11]
Overfull \hbox (27.67627pt too wide) in paragraph at lines 596--599
\T1/ptm/m/n/10 tails. Please check CheckM doc-u-men-ta-tion (https://github.com
/Ecogenomics/CheckM)

Overfull \hbox (29.89723pt too wide) in paragraph at lines 612--613
[]\T1/ptm/m/n/10 Directory where plots are to be saved. Will cre-ate a di-rec-t
ory "se-quin_scaling_plots_lm"
[12]
Overfull \hbox (27.67627pt too wide) in paragraph at lines 654--657
\T1/ptm/m/n/10 tails. Please check CheckM doc-u-men-ta-tion (https://github.com
/Ecogenomics/CheckM)
[13]
Overfull \hbox (33.22719pt too wide) in paragraph at lines 670--671
[]\T1/ptm/m/n/10 Directory where plots are to be saved. Will cre-ate a di-rec-t
ory "se-quin_scaling_plots_rlm"
No file Rd2.ind.
[14] (/tmp/RtmpjIyecV/Rd2pdf7c3af1eb7a0/Rd2.aux) )
(see the transcript file for additional information){/cvmfs/soft.computecanada.
ca/gentoo/2020/usr/share/texmf-dist/fonts/enc/dvips/inconsolata/i4-ts1.enc}{/cv
mfs/soft.computecanada.ca/gentoo/2020/usr/share/texmf-dist/fonts/enc/dvips/base
/8r.enc}{/cvmfs/soft.computecanada.ca/gentoo/2020/usr/share/texmf-dist/fonts/en
c/dvips/inconsolata/i4-t1-0.enc}</cvmfs/soft.computecanada.ca/gentoo/2020/usr/s
hare/texmf-dist/fonts/type1/public/inconsolata/Inconsolata-zi4r.pfb></cvmfs/sof
t.computecanada.ca/gentoo/2020/usr/share/texmf-dist/fonts/type1/urw/helvetic/uh
vr8a.pfb></cvmfs/soft.computecanada.ca/gentoo/2020/usr/share/texmf-dist/fonts/t
ype1/urw/times/utmb8a.pfb></cvmfs/soft.computecanada.ca/gentoo/2020/usr/share/t
exmf-dist/fonts/type1/urw/times/utmr8a.pfb></cvmfs/soft.computecanada.ca/gentoo
/2020/usr/share/texmf-dist/fonts/type1/urw/times/utmr8a.pfb></cvmfs/soft.comput
ecanada.ca/gentoo/2020/usr/share/texmf-dist/fonts/type1/urw/times/utmri8a.pfb>
Output written on Rd2.pdf (14 pages, 110157 bytes).
Transcript written on Rd2.log.
This is makeindex, version 2.15 [TeX Live 2019] (kpathsea + Thai support).
Scanning input file Rd2.idx....done (16 entries accepted, 0 rejected).
Sorting entries....done (55 comparisons).
Generating output file Rd2.ind....done (44 lines written, 0 warnings).
Output written in Rd2.ind.
Transcript written in Rd2.ilg.
This is pdfTeX, Version 3.14159265-2.6-1.40.20 (TeX Live 2019 Gentoo Linux) (preloaded format=pdflatex)
 restricted \write18 enabled.
entering extended mode
LaTeX2e <2018-12-01>
(./Rd2.tex

(/cvmfs/soft.computecanada.ca/gentoo/2020/usr/share/texmf-dist/tex/latex/base/b
ook.cls
Document Class: book 2018/09/03 v1.4i Standard LaTeX document class

(/cvmfs/soft.computecanada.ca/gentoo/2020/usr/share/texmf-dist/tex/latex/base/b
k10.clo))
(/cvmfs/soft.computecanada.ca/easybuild/software/2020/avx2/Core/r/4.1.2/lib64/R
/share/texmf/tex/latex/Rd.sty
(/cvmfs/soft.computecanada.ca/gentoo/2020/usr/share/texmf-dist/tex/latex/base/i
fthen.sty)
(/cvmfs/soft.computecanada.ca/gentoo/2020/usr/share/texmf-dist/tex/latex/tools/
longtable.sty)
(/cvmfs/soft.computecanada.ca/gentoo/2020/usr/share/texmf-dist/tex/latex/tools/
bm.sty)
(/cvmfs/soft.computecanada.ca/gentoo/2020/usr/share/texmf-dist/tex/latex/base/a
lltt.sty)
(/cvmfs/soft.computecanada.ca/gentoo/2020/usr/share/texmf-dist/tex/latex/tools/
verbatim.sty)
(/cvmfs/soft.computecanada.ca/gentoo/2020/usr/share/texmf-dist/tex/latex/url/ur
l.sty)
(/cvmfs/soft.computecanada.ca/gentoo/2020/usr/share/texmf-dist/tex/latex/base/t
extcomp.sty
(/cvmfs/soft.computecanada.ca/gentoo/2020/usr/share/texmf-dist/tex/latex/base/t
s1enc.def
(/cvmfs/soft.computecanada.ca/gentoo/2020/usr/share/texmf-dist/tex/latex/base/t
s1enc.dfu)))
(/cvmfs/soft.computecanada.ca/gentoo/2020/usr/share/texmf-dist/tex/latex/base/f
ontenc.sty
(/cvmfs/soft.computecanada.ca/gentoo/2020/usr/share/texmf-dist/tex/latex/base/t
1enc.def))
(/cvmfs/soft.computecanada.ca/gentoo/2020/usr/share/texmf-dist/tex/latex/psnfss
/times.sty)
(/cvmfs/soft.computecanada.ca/gentoo/2020/usr/share/texmf-dist/tex/latex/incons
olata/zi4.sty
`inconsolata-zi4' v1.12, 2019/05/17 Text macros for Inconsolata (msharpe)
(/cvmfs/soft.computecanada.ca/gentoo/2020/usr/share/texmf-dist/tex/latex/xkeyva
l/xkeyval.sty
(/cvmfs/soft.computecanada.ca/gentoo/2020/usr/share/texmf-dist/tex/generic/xkey
val/xkeyval.tex
(/cvmfs/soft.computecanada.ca/gentoo/2020/usr/share/texmf-dist/tex/generic/xkey
val/xkvutils.tex
(/cvmfs/soft.computecanada.ca/gentoo/2020/usr/share/texmf-dist/tex/generic/xkey
val/keyval.tex)))))
(/cvmfs/soft.computecanada.ca/gentoo/2020/usr/share/texmf-dist/tex/latex/graphi
cs/color.sty
(/cvmfs/soft.computecanada.ca/gentoo/2020/usr/share/texmf-dist/tex/latex/graphi
cs-cfg/color.cfg)
(/cvmfs/soft.computecanada.ca/gentoo/2020/usr/share/texmf-dist/tex/latex/graphi
cs-def/pdftex.def))
(/cvmfs/soft.computecanada.ca/gentoo/2020/usr/share/texmf-dist/tex/latex/hyperr
ef/hyperref.sty
(/cvmfs/soft.computecanada.ca/gentoo/2020/usr/share/texmf-dist/tex/generic/ober
diek/hobsub-hyperref.sty
(/cvmfs/soft.computecanada.ca/gentoo/2020/usr/share/texmf-dist/tex/generic/ober
diek/hobsub-generic.sty))
(/cvmfs/soft.computecanada.ca/gentoo/2020/usr/share/texmf-dist/tex/generic/ifxe
tex/ifxetex.sty)
(/cvmfs/soft.computecanada.ca/gentoo/2020/usr/share/texmf-dist/tex/latex/oberdi
ek/auxhook.sty)
(/cvmfs/soft.computecanada.ca/gentoo/2020/usr/share/texmf-dist/tex/latex/oberdi
ek/kvoptions.sty)
(/cvmfs/soft.computecanada.ca/gentoo/2020/usr/share/texmf-dist/tex/latex/hyperr
ef/pd1enc.def)
(/cvmfs/soft.computecanada.ca/gentoo/2020/usr/share/texmf-dist/tex/latex/latexc
onfig/hyperref.cfg))
(/cvmfs/soft.computecanada.ca/gentoo/2020/usr/share/texmf-dist/tex/latex/hyperr
ef/hpdftex.def
(/cvmfs/soft.computecanada.ca/gentoo/2020/usr/share/texmf-dist/tex/latex/oberdi
ek/rerunfilecheck.sty))

Package hyperref Warning: Option `hyperindex' has already been used,
(hyperref)                setting the option has no effect on input line 377.


Package hyperref Warning: Option `pagebackref' has already been used,
(hyperref)                setting the option has no effect on input line 377.

)
(/cvmfs/soft.computecanada.ca/gentoo/2020/usr/share/texmf-dist/tex/latex/base/m
akeidx.sty)
(/cvmfs/soft.computecanada.ca/gentoo/2020/usr/share/texmf-dist/tex/latex/base/i
nputenc.sty)
Writing index file Rd2.idx
(/tmp/RtmpjIyecV/Rd2pdf7c3af1eb7a0/Rd2.aux)
(/cvmfs/soft.computecanada.ca/gentoo/2020/usr/share/texmf-dist/tex/latex/base/t
s1cmr.fd)
(/cvmfs/soft.computecanada.ca/gentoo/2020/usr/share/texmf-dist/tex/latex/psnfss
/t1ptm.fd)
(/cvmfs/soft.computecanada.ca/gentoo/2020/usr/share/texmf-dist/tex/context/base
/mkii/supp-pdf.mkii
[Loading MPS to PDF converter (version 2006.09.02).]
)
(/cvmfs/soft.computecanada.ca/gentoo/2020/usr/share/texmf-dist/tex/latex/hyperr
ef/nameref.sty
(/cvmfs/soft.computecanada.ca/gentoo/2020/usr/share/texmf-dist/tex/generic/ober
diek/gettitlestring.sty)) (/tmp/RtmpjIyecV/Rd2pdf7c3af1eb7a0/Rd2.out)
(/tmp/RtmpjIyecV/Rd2pdf7c3af1eb7a0/Rd2.out)
(/cvmfs/soft.computecanada.ca/gentoo/2020/usr/share/texmf-dist/tex/latex/incons
olata/t1zi4.fd)
(/cvmfs/soft.computecanada.ca/gentoo/2020/usr/share/texmf-dist/tex/latex/psnfss
/t1phv.fd) (/tmp/RtmpjIyecV/Rd2pdf7c3af1eb7a0/Rd2.toc) [1{/cvmfs/soft.computeca
nada.ca/gentoo/2020/usr/share/texmf-dist/fonts/map/pdftex/updmap/pdftex.map}]
Overfull \hbox (22.16608pt too wide) in paragraph at lines 69--71
[]\T1/ptm/m/n/10 This script was adapted from https://github.com/buckleylab/HTS
SIP/blob/master/R/qSIP_atom_excess.R
[2]
Overfull \hbox (27.67627pt too wide) in paragraph at lines 113--116
\T1/ptm/m/n/10 tails. Please check CheckM doc-u-men-ta-tion (https://github.com
/Ecogenomics/CheckM)

(/cvmfs/soft.computecanada.ca/gentoo/2020/usr/share/texmf-dist/tex/latex/psnfss
/ts1ptm.fd)
Overfull \hbox (44.45753pt too wide) in paragraph at lines 130--132
[]\T1/ptm/m/n/10 Sample: In the for-mat "'iso-tope'\T1/ptm/m/it/10 rep\T1/ptm/m
/n/10 #\T1/ptm/m/it/10 fraction\T1/ptm/m/n/10 #". For in-stance, "12C_rep_1_fra
ction_1" 
[3] [4] [5] [6]
Overfull \hbox (45.67818pt too wide) in paragraph at lines 303--306
\T1/ptm/m/n/10 frac-tion sam-ples ('heavy'), where 'heavy' sam-ples are des-ig-
nated by the \T1/zi4/m/n/10 density_windows\T1/ptm/m/n/10 . 

(/cvmfs/soft.computecanada.ca/gentoo/2020/usr/share/texmf-dist/tex/latex/incons
olata/ts1zi4.fd) [7] [8] [9] [10]
Overfull \hbox (44.45753pt too wide) in paragraph at lines 560--562
[]\T1/ptm/m/n/10 Sample: In the for-mat "'iso-tope'\T1/ptm/m/it/10 rep\T1/ptm/m
/n/10 #\T1/ptm/m/it/10 fraction\T1/ptm/m/n/10 #". For in-stance, "12C_rep_1_fra
ction_1" 
[11]
Overfull \hbox (27.67627pt too wide) in paragraph at lines 596--599
\T1/ptm/m/n/10 tails. Please check CheckM doc-u-men-ta-tion (https://github.com
/Ecogenomics/CheckM)

Overfull \hbox (29.89723pt too wide) in paragraph at lines 612--613
[]\T1/ptm/m/n/10 Directory where plots are to be saved. Will cre-ate a di-rec-t
ory "se-quin_scaling_plots_lm"
[12]
Overfull \hbox (27.67627pt too wide) in paragraph at lines 654--657
\T1/ptm/m/n/10 tails. Please check CheckM doc-u-men-ta-tion (https://github.com
/Ecogenomics/CheckM)
[13]
Overfull \hbox (33.22719pt too wide) in paragraph at lines 670--671
[]\T1/ptm/m/n/10 Directory where plots are to be saved. Will cre-ate a di-rec-t
ory "se-quin_scaling_plots_rlm"
(/tmp/RtmpjIyecV/Rd2pdf7c3af1eb7a0/Rd2.ind [14] [15])
(/tmp/RtmpjIyecV/Rd2pdf7c3af1eb7a0/Rd2.aux)

Package rerunfilecheck Warning: File `Rd2.out' has changed.
(rerunfilecheck)                Rerun to get outlines right
(rerunfilecheck)                or use package `bookmark'.

 )
(see the transcript file for additional information){/cvmfs/soft.computecanada.
ca/gentoo/2020/usr/share/texmf-dist/fonts/enc/dvips/inconsolata/i4-ts1.enc}{/cv
mfs/soft.computecanada.ca/gentoo/2020/usr/share/texmf-dist/fonts/enc/dvips/base
/8r.enc}{/cvmfs/soft.computecanada.ca/gentoo/2020/usr/share/texmf-dist/fonts/en
c/dvips/inconsolata/i4-t1-0.enc}</cvmfs/soft.computecanada.ca/gentoo/2020/usr/s
hare/texmf-dist/fonts/type1/public/inconsolata/Inconsolata-zi4r.pfb></cvmfs/sof
t.computecanada.ca/gentoo/2020/usr/share/texmf-dist/fonts/type1/urw/helvetic/uh
vr8a.pfb></cvmfs/soft.computecanada.ca/gentoo/2020/usr/share/texmf-dist/fonts/t
ype1/urw/times/utmb8a.pfb></cvmfs/soft.computecanada.ca/gentoo/2020/usr/share/t
exmf-dist/fonts/type1/urw/times/utmr8a.pfb></cvmfs/soft.computecanada.ca/gentoo
/2020/usr/share/texmf-dist/fonts/type1/urw/times/utmr8a.pfb></cvmfs/soft.comput
ecanada.ca/gentoo/2020/usr/share/texmf-dist/fonts/type1/urw/times/utmri8a.pfb>
Output written on Rd2.pdf (15 pages, 111464 bytes).
Transcript written on Rd2.log.
This is makeindex, version 2.15 [TeX Live 2019] (kpathsea + Thai support).
Scanning input file Rd2.idx....done (16 entries accepted, 0 rejected).
Sorting entries....done (55 comparisons).
Generating output file Rd2.ind....done (44 lines written, 0 warnings).
Output written in Rd2.ind.
Transcript written in Rd2.ilg.
This is pdfTeX, Version 3.14159265-2.6-1.40.20 (TeX Live 2019 Gentoo Linux) (preloaded format=pdflatex)
 restricted \write18 enabled.
entering extended mode
LaTeX2e <2018-12-01>
(./Rd2.tex

(/cvmfs/soft.computecanada.ca/gentoo/2020/usr/share/texmf-dist/tex/latex/base/b
ook.cls
Document Class: book 2018/09/03 v1.4i Standard LaTeX document class

(/cvmfs/soft.computecanada.ca/gentoo/2020/usr/share/texmf-dist/tex/latex/base/b
k10.clo))
(/cvmfs/soft.computecanada.ca/easybuild/software/2020/avx2/Core/r/4.1.2/lib64/R
/share/texmf/tex/latex/Rd.sty
(/cvmfs/soft.computecanada.ca/gentoo/2020/usr/share/texmf-dist/tex/latex/base/i
fthen.sty)
(/cvmfs/soft.computecanada.ca/gentoo/2020/usr/share/texmf-dist/tex/latex/tools/
longtable.sty)
(/cvmfs/soft.computecanada.ca/gentoo/2020/usr/share/texmf-dist/tex/latex/tools/
bm.sty)
(/cvmfs/soft.computecanada.ca/gentoo/2020/usr/share/texmf-dist/tex/latex/base/a
lltt.sty)
(/cvmfs/soft.computecanada.ca/gentoo/2020/usr/share/texmf-dist/tex/latex/tools/
verbatim.sty)
(/cvmfs/soft.computecanada.ca/gentoo/2020/usr/share/texmf-dist/tex/latex/url/ur
l.sty)
(/cvmfs/soft.computecanada.ca/gentoo/2020/usr/share/texmf-dist/tex/latex/base/t
extcomp.sty
(/cvmfs/soft.computecanada.ca/gentoo/2020/usr/share/texmf-dist/tex/latex/base/t
s1enc.def
(/cvmfs/soft.computecanada.ca/gentoo/2020/usr/share/texmf-dist/tex/latex/base/t
s1enc.dfu)))
(/cvmfs/soft.computecanada.ca/gentoo/2020/usr/share/texmf-dist/tex/latex/base/f
ontenc.sty
(/cvmfs/soft.computecanada.ca/gentoo/2020/usr/share/texmf-dist/tex/latex/base/t
1enc.def))
(/cvmfs/soft.computecanada.ca/gentoo/2020/usr/share/texmf-dist/tex/latex/psnfss
/times.sty)
(/cvmfs/soft.computecanada.ca/gentoo/2020/usr/share/texmf-dist/tex/latex/incons
olata/zi4.sty
`inconsolata-zi4' v1.12, 2019/05/17 Text macros for Inconsolata (msharpe)
(/cvmfs/soft.computecanada.ca/gentoo/2020/usr/share/texmf-dist/tex/latex/xkeyva
l/xkeyval.sty
(/cvmfs/soft.computecanada.ca/gentoo/2020/usr/share/texmf-dist/tex/generic/xkey
val/xkeyval.tex
(/cvmfs/soft.computecanada.ca/gentoo/2020/usr/share/texmf-dist/tex/generic/xkey
val/xkvutils.tex
(/cvmfs/soft.computecanada.ca/gentoo/2020/usr/share/texmf-dist/tex/generic/xkey
val/keyval.tex)))))
(/cvmfs/soft.computecanada.ca/gentoo/2020/usr/share/texmf-dist/tex/latex/graphi
cs/color.sty
(/cvmfs/soft.computecanada.ca/gentoo/2020/usr/share/texmf-dist/tex/latex/graphi
cs-cfg/color.cfg)
(/cvmfs/soft.computecanada.ca/gentoo/2020/usr/share/texmf-dist/tex/latex/graphi
cs-def/pdftex.def))
(/cvmfs/soft.computecanada.ca/gentoo/2020/usr/share/texmf-dist/tex/latex/hyperr
ef/hyperref.sty
(/cvmfs/soft.computecanada.ca/gentoo/2020/usr/share/texmf-dist/tex/generic/ober
diek/hobsub-hyperref.sty
(/cvmfs/soft.computecanada.ca/gentoo/2020/usr/share/texmf-dist/tex/generic/ober
diek/hobsub-generic.sty))
(/cvmfs/soft.computecanada.ca/gentoo/2020/usr/share/texmf-dist/tex/generic/ifxe
tex/ifxetex.sty)
(/cvmfs/soft.computecanada.ca/gentoo/2020/usr/share/texmf-dist/tex/latex/oberdi
ek/auxhook.sty)
(/cvmfs/soft.computecanada.ca/gentoo/2020/usr/share/texmf-dist/tex/latex/oberdi
ek/kvoptions.sty)
(/cvmfs/soft.computecanada.ca/gentoo/2020/usr/share/texmf-dist/tex/latex/hyperr
ef/pd1enc.def)
(/cvmfs/soft.computecanada.ca/gentoo/2020/usr/share/texmf-dist/tex/latex/latexc
onfig/hyperref.cfg))
(/cvmfs/soft.computecanada.ca/gentoo/2020/usr/share/texmf-dist/tex/latex/hyperr
ef/hpdftex.def
(/cvmfs/soft.computecanada.ca/gentoo/2020/usr/share/texmf-dist/tex/latex/oberdi
ek/rerunfilecheck.sty))

Package hyperref Warning: Option `hyperindex' has already been used,
(hyperref)                setting the option has no effect on input line 377.


Package hyperref Warning: Option `pagebackref' has already been used,
(hyperref)                setting the option has no effect on input line 377.

)
(/cvmfs/soft.computecanada.ca/gentoo/2020/usr/share/texmf-dist/tex/latex/base/m
akeidx.sty)
(/cvmfs/soft.computecanada.ca/gentoo/2020/usr/share/texmf-dist/tex/latex/base/i
nputenc.sty)
Writing index file Rd2.idx
(/tmp/RtmpjIyecV/Rd2pdf7c3af1eb7a0/Rd2.aux)
(/cvmfs/soft.computecanada.ca/gentoo/2020/usr/share/texmf-dist/tex/latex/base/t
s1cmr.fd)
(/cvmfs/soft.computecanada.ca/gentoo/2020/usr/share/texmf-dist/tex/latex/psnfss
/t1ptm.fd)
(/cvmfs/soft.computecanada.ca/gentoo/2020/usr/share/texmf-dist/tex/context/base
/mkii/supp-pdf.mkii
[Loading MPS to PDF converter (version 2006.09.02).]
)
(/cvmfs/soft.computecanada.ca/gentoo/2020/usr/share/texmf-dist/tex/latex/hyperr
ef/nameref.sty
(/cvmfs/soft.computecanada.ca/gentoo/2020/usr/share/texmf-dist/tex/generic/ober
diek/gettitlestring.sty)) (/tmp/RtmpjIyecV/Rd2pdf7c3af1eb7a0/Rd2.out)
(/tmp/RtmpjIyecV/Rd2pdf7c3af1eb7a0/Rd2.out)
(/cvmfs/soft.computecanada.ca/gentoo/2020/usr/share/texmf-dist/tex/latex/incons
olata/t1zi4.fd)
(/cvmfs/soft.computecanada.ca/gentoo/2020/usr/share/texmf-dist/tex/latex/psnfss
/t1phv.fd) (/tmp/RtmpjIyecV/Rd2pdf7c3af1eb7a0/Rd2.toc [1{/cvmfs/soft.computecan
ada.ca/gentoo/2020/usr/share/texmf-dist/fonts/map/pdftex/updmap/pdftex.map}])
Overfull \hbox (22.16608pt too wide) in paragraph at lines 69--71
[]\T1/ptm/m/n/10 This script was adapted from https://github.com/buckleylab/HTS
SIP/blob/master/R/qSIP_atom_excess.R
[2]
Overfull \hbox (27.67627pt too wide) in paragraph at lines 113--116
\T1/ptm/m/n/10 tails. Please check CheckM doc-u-men-ta-tion (https://github.com
/Ecogenomics/CheckM)

(/cvmfs/soft.computecanada.ca/gentoo/2020/usr/share/texmf-dist/tex/latex/psnfss
/ts1ptm.fd)
Overfull \hbox (44.45753pt too wide) in paragraph at lines 130--132
[]\T1/ptm/m/n/10 Sample: In the for-mat "'iso-tope'\T1/ptm/m/it/10 rep\T1/ptm/m
/n/10 #\T1/ptm/m/it/10 fraction\T1/ptm/m/n/10 #". For in-stance, "12C_rep_1_fra
ction_1" 
[3] [4] [5] [6]
Overfull \hbox (45.67818pt too wide) in paragraph at lines 303--306
\T1/ptm/m/n/10 frac-tion sam-ples ('heavy'), where 'heavy' sam-ples are des-ig-
nated by the \T1/zi4/m/n/10 density_windows\T1/ptm/m/n/10 . 

(/cvmfs/soft.computecanada.ca/gentoo/2020/usr/share/texmf-dist/tex/latex/incons
olata/ts1zi4.fd) [7] [8] [9] [10]
Overfull \hbox (44.45753pt too wide) in paragraph at lines 560--562
[]\T1/ptm/m/n/10 Sample: In the for-mat "'iso-tope'\T1/ptm/m/it/10 rep\T1/ptm/m
/n/10 #\T1/ptm/m/it/10 fraction\T1/ptm/m/n/10 #". For in-stance, "12C_rep_1_fra
ction_1" 
[11]
Overfull \hbox (27.67627pt too wide) in paragraph at lines 596--599
\T1/ptm/m/n/10 tails. Please check CheckM doc-u-men-ta-tion (https://github.com
/Ecogenomics/CheckM)

Overfull \hbox (29.89723pt too wide) in paragraph at lines 612--613
[]\T1/ptm/m/n/10 Directory where plots are to be saved. Will cre-ate a di-rec-t
ory "se-quin_scaling_plots_lm"
[12]
Overfull \hbox (27.67627pt too wide) in paragraph at lines 654--657
\T1/ptm/m/n/10 tails. Please check CheckM doc-u-men-ta-tion (https://github.com
/Ecogenomics/CheckM)
[13]
Overfull \hbox (33.22719pt too wide) in paragraph at lines 670--671
[]\T1/ptm/m/n/10 Directory where plots are to be saved. Will cre-ate a di-rec-t
ory "se-quin_scaling_plots_rlm"
(/tmp/RtmpjIyecV/Rd2pdf7c3af1eb7a0/Rd2.ind [14] [15])
(/tmp/RtmpjIyecV/Rd2pdf7c3af1eb7a0/Rd2.aux) )
(see the transcript file for additional information){/cvmfs/soft.computecanada.
ca/gentoo/2020/usr/share/texmf-dist/fonts/enc/dvips/inconsolata/i4-ts1.enc}{/cv
mfs/soft.computecanada.ca/gentoo/2020/usr/share/texmf-dist/fonts/enc/dvips/base
/8r.enc}{/cvmfs/soft.computecanada.ca/gentoo/2020/usr/share/texmf-dist/fonts/en
c/dvips/inconsolata/i4-t1-0.enc}</cvmfs/soft.computecanada.ca/gentoo/2020/usr/s
hare/texmf-dist/fonts/type1/public/inconsolata/Inconsolata-zi4r.pfb></cvmfs/sof
t.computecanada.ca/gentoo/2020/usr/share/texmf-dist/fonts/type1/urw/helvetic/uh
vr8a.pfb></cvmfs/soft.computecanada.ca/gentoo/2020/usr/share/texmf-dist/fonts/t
ype1/urw/times/utmb8a.pfb></cvmfs/soft.computecanada.ca/gentoo/2020/usr/share/t
exmf-dist/fonts/type1/urw/times/utmr8a.pfb></cvmfs/soft.computecanada.ca/gentoo
/2020/usr/share/texmf-dist/fonts/type1/urw/times/utmr8a.pfb></cvmfs/soft.comput
ecanada.ca/gentoo/2020/usr/share/texmf-dist/fonts/type1/urw/times/utmri8a.pfb>
Output written on Rd2.pdf (15 pages, 111868 bytes).
Transcript written on Rd2.log.
Saving output to ‘SIPmg-manual.pdf’ ...
Done
You may want to clean up by 'rm -Rf /tmp/RtmpjIyecV/Rd2pdf7c3af1eb7a0'
